0 info it worked if it ends with ok
1 verbose cli [ 'C:\\Program Files\\nodejs\\node.exe',
1 verbose cli   'C:\\Users\\edwin\\AppData\\Roaming\\npm\\node_modules\\npm\\bin\\npm-cli.js',
1 verbose cli   'run',
1 verbose cli   'devServer' ]
2 info using npm@3.10.10
3 info using node@v10.16.3
4 verbose run-script [ 'predevServer', 'devServer', 'postdevServer' ]
5 info lifecycle fecpwIndex@1.0.0~predevServer: fecpwIndex@1.0.0
6 silly lifecycle fecpwIndex@1.0.0~predevServer: no script for predevServer, continuing
7 info lifecycle fecpwIndex@1.0.0~devServer: fecpwIndex@1.0.0
8 verbose lifecycle fecpwIndex@1.0.0~devServer: unsafe-perm in lifecycle true
9 verbose lifecycle fecpwIndex@1.0.0~devServer: PATH: C:\Users\edwin\AppData\Roaming\npm\node_modules\npm\bin\node-gyp-bin;D:\learm\fecpwIndex\node_modules\.bin;C:\Program Files\Git\mingw64\bin;C:\Program Files\Git\usr\bin;C:\Users\frenkie\bin;C:\Program Files\Python38\Scripts;C:\Program Files\Python38;C:\Program Files (x86)\Common Files\Oracle\Java\javapath;C:\ProgramData\Oracle\Java\javapath;C:\Program Files (x86)\Intel\iCLS Client;C:\Program Files\Intel\iCLS Client;C:\Windows\system32;C:\Windows;C:\Windows\System32\Wbem;C:\Windows\System32\WindowsPowerShell\v1.0;C:\Program Files\Intel\Intel(R) Management Engine Components\DAL;C:\Program Files (x86)\Intel\Intel(R) Management Engine Components\DAL;C:\Program Files\Intel\Intel(R) Management Engine Components\IPT;C:\Program Files (x86)\Intel\Intel(R) Management Engine Components\IPT;C:\Program Files\IVI Foundation\VISA\Win64\Bin;C:\Program Files (x86)\IVI Foundation\VISA\WinNT\Bin;C:\Program Files (x86)\IVI Foundation\VISA\WinNT\Bin;C:\Program Files (x86)\Microchip\xc8\v1.35\bin;C:\Program Files (x86)\Microsoft SQL Server\90\Tools\binn;C:\Fonix\SETimeOutSDK4.2\lib\Win32;C:\Program Files (x86)\Microsoft Visual Studio 9.0\VC\bin;C:\Program Files (x86)\QuickTime\QTSystem;C:\Program Files\TortoiseGit\bin;D:\Program Files (x86)\Brackets\command;C:\Users\edwin\AppData\Roaming\npm;C:\Program Files\nodejs;C:\Program Files (x86)\Yarn\bin;C:\Users\frenkie\AppData\Roaming\npm;C:\Users\frenkie\AppData\Local\Yarn\bin;C:\Users\frenkie\AppData\Local\GitHubDesktop\bin;C:\Program Files\MongoDB\Server\4.0\bin;C:\Users\frenkie\AppData\Local\Programs\Microsoft VS Code\bin
10 verbose lifecycle fecpwIndex@1.0.0~devServer: CWD: D:\learm\fecpwIndex
11 silly lifecycle fecpwIndex@1.0.0~devServer: Args: [ '/d /s /c', 'webpack-dev-server' ]
12 silly lifecycle fecpwIndex@1.0.0~devServer: Returned: code: 3221225786  signal: null
13 info lifecycle fecpwIndex@1.0.0~devServer: Failed to exec devServer script
14 verbose stack Error: fecpwIndex@1.0.0 devServer: `webpack-dev-server`
14 verbose stack Exit status 3221225786
14 verbose stack     at EventEmitter.<anonymous> (C:\Users\edwin\AppData\Roaming\npm\node_modules\npm\lib\utils\lifecycle.js:255:16)
14 verbose stack     at EventEmitter.emit (events.js:198:13)
14 verbose stack     at ChildProcess.<anonymous> (C:\Users\edwin\AppData\Roaming\npm\node_modules\npm\lib\utils\spawn.js:40:14)
14 verbose stack     at ChildProcess.emit (events.js:198:13)
14 verbose stack     at maybeClose (internal/child_process.js:982:16)
14 verbose stack     at Process.ChildProcess._handle.onexit (internal/child_process.js:259:5)
15 verbose pkgid fecpwIndex@1.0.0
16 verbose cwd D:\learm\fecpwIndex
17 error Windows_NT 6.1.7601
18 error argv "C:\\Program Files\\nodejs\\node.exe" "C:\\Users\\edwin\\AppData\\Roaming\\npm\\node_modules\\npm\\bin\\npm-cli.js" "run" "devServer"
19 error node v10.16.3
20 error npm  v3.10.10
21 error code ELIFECYCLE
22 error fecpwIndex@1.0.0 devServer: `webpack-dev-server`
22 error Exit status 3221225786
23 error Failed at the fecpwIndex@1.0.0 devServer script 'webpack-dev-server'.
23 error Make sure you have the latest version of node.js and npm installed.
23 error If you do, this is most likely a problem with the fecpwIndex package,
23 error not with npm itself.
23 error Tell the author that this fails on your system:
23 error     webpack-dev-server
23 error You can get information on how to open an issue for this project with:
23 error     npm bugs fecpwIndex
23 error Or if that isn't available, you can get their info via:
23 error     npm owner ls fecpwIndex
23 error There is likely additional logging output above.
24 verbose exit [ 1, true ]
